0 info it worked if it ends with ok
1 verbose cli [ '/usr/local/Cellar/node/7.3.0/bin/node',
1 verbose cli   '/usr/local/bin/npm',
1 verbose cli   'install' ]
2 info using npm@3.10.10
3 info using node@v7.3.0
4 silly loadCurrentTree Starting
5 silly install loadCurrentTree
6 silly install readLocalPackageData
7 silly install normalizeTree
8 silly loadCurrentTree Finishing
9 silly loadIdealTree Starting
10 silly install loadIdealTree
11 silly cloneCurrentTree Starting
12 silly install cloneCurrentTreeToIdealTree
13 silly cloneCurrentTree Finishing
14 silly loadShrinkwrap Starting
15 silly install loadShrinkwrap
16 silly loadShrinkwrap Finishing
17 silly loadAllDepsIntoIdealTree Starting
18 silly install loadAllDepsIntoIdealTree
19 silly fetchNamedPackageData gitbook-plugin-autocover
20 silly mapToRegistry name gitbook-plugin-autocover
21 silly mapToRegistry using default registry
22 silly mapToRegistry registry https://registry.npmjs.org/
23 silly mapToRegistry data Result {
23 silly mapToRegistry   raw: 'gitbook-plugin-autocover',
23 silly mapToRegistry   scope: null,
23 silly mapToRegistry   escapedName: 'gitbook-plugin-autocover',
23 silly mapToRegistry   name: 'gitbook-plugin-autocover',
23 silly mapToRegistry   rawSpec: '',
23 silly mapToRegistry   spec: 'latest',
23 silly mapToRegistry   type: 'tag' }
24 silly mapToRegistry uri https://registry.npmjs.org/gitbook-plugin-autocover
25 verbose request uri https://registry.npmjs.org/gitbook-plugin-autocover
26 verbose request no auth needed
27 info attempt registry request try #1 at 6:23:31 PM
28 verbose request id a1a7b503bf8661b3
29 verbose etag W/"57dc3f94-3ffc"
30 verbose lastModified Fri, 16 Sep 2016 18:53:08 GMT
31 http request GET https://registry.npmjs.org/gitbook-plugin-autocover
32 http 304 https://registry.npmjs.org/gitbook-plugin-autocover
33 verbose headers { date: 'Fri, 30 Dec 2016 23:23:31 GMT',
33 verbose headers   via: '1.1 varnish',
33 verbose headers   'cache-control': 'max-age=300',
33 verbose headers   etag: 'W/"57dc3f94-3ffc"',
33 verbose headers   age: '0',
33 verbose headers   connection: 'keep-alive',
33 verbose headers   'x-served-by': 'cache-atl6230-ATL',
33 verbose headers   'x-cache': 'HIT',
33 verbose headers   'x-cache-hits': '1',
33 verbose headers   'x-timer': 'S1483140211.552834,VS0,VE191',
33 verbose headers   vary: 'Accept-Encoding' }
34 silly get cb [ 304,
34 silly get   { date: 'Fri, 30 Dec 2016 23:23:31 GMT',
34 silly get     via: '1.1 varnish',
34 silly get     'cache-control': 'max-age=300',
34 silly get     etag: 'W/"57dc3f94-3ffc"',
34 silly get     age: '0',
34 silly get     connection: 'keep-alive',
34 silly get     'x-served-by': 'cache-atl6230-ATL',
34 silly get     'x-cache': 'HIT',
34 silly get     'x-cache-hits': '1',
34 silly get     'x-timer': 'S1483140211.552834,VS0,VE191',
34 silly get     vary: 'Accept-Encoding' } ]
35 verbose etag https://registry.npmjs.org/gitbook-plugin-autocover from cache
36 verbose get saving gitbook-plugin-autocover to /Users/josephphillips/.npm/registry.npmjs.org/gitbook-plugin-autocover/.cache.json
37 verbose correctMkdir /Users/josephphillips/.npm correctMkdir not in flight; initializing
38 silly resolveWithNewModule gitbook-plugin-autocover@1.0.1 checking installable status
39 silly cache add args [ 'gitbook-plugin-autocover@1.0.1', null ]
40 verbose cache add spec gitbook-plugin-autocover@1.0.1
41 silly cache add parsed spec Result {
41 silly cache add   raw: 'gitbook-plugin-autocover@1.0.1',
41 silly cache add   scope: null,
41 silly cache add   escapedName: 'gitbook-plugin-autocover',
41 silly cache add   name: 'gitbook-plugin-autocover',
41 silly cache add   rawSpec: '1.0.1',
41 silly cache add   spec: '1.0.1',
41 silly cache add   type: 'version' }
42 silly addNamed gitbook-plugin-autocover@1.0.1
43 verbose addNamed "1.0.1" is a plain semver version for gitbook-plugin-autocover
44 silly mapToRegistry name gitbook-plugin-autocover
45 silly mapToRegistry using default registry
46 silly mapToRegistry registry https://registry.npmjs.org/
47 silly mapToRegistry data Result {
47 silly mapToRegistry   raw: 'gitbook-plugin-autocover',
47 silly mapToRegistry   scope: null,
47 silly mapToRegistry   escapedName: 'gitbook-plugin-autocover',
47 silly mapToRegistry   name: 'gitbook-plugin-autocover',
47 silly mapToRegistry   rawSpec: '',
47 silly mapToRegistry   spec: 'latest',
47 silly mapToRegistry   type: 'tag' }
48 silly mapToRegistry uri https://registry.npmjs.org/gitbook-plugin-autocover
49 verbose addNameVersion registry:https://registry.npmjs.org/gitbook-plugin-autocover not in flight; fetching
50 verbose get https://registry.npmjs.org/gitbook-plugin-autocover not expired, no request
51 silly cache afterAdd gitbook-plugin-autocover@1.0.1
52 verbose afterAdd /Users/josephphillips/.npm/gitbook-plugin-autocover/1.0.1/package/package.json not in flight; writing
53 verbose correctMkdir /Users/josephphillips/.npm correctMkdir not in flight; initializing
54 verbose afterAdd /Users/josephphillips/.npm/gitbook-plugin-autocover/1.0.1/package/package.json written
55 silly fetchNamedPackageData canvas
56 silly mapToRegistry name canvas
57 silly mapToRegistry using default registry
58 silly mapToRegistry registry https://registry.npmjs.org/
59 silly mapToRegistry data Result {
59 silly mapToRegistry   raw: 'canvas',
59 silly mapToRegistry   scope: null,
59 silly mapToRegistry   escapedName: 'canvas',
59 silly mapToRegistry   name: 'canvas',
59 silly mapToRegistry   rawSpec: '',
59 silly mapToRegistry   spec: 'latest',
59 silly mapToRegistry   type: 'tag' }
60 silly mapToRegistry uri https://registry.npmjs.org/canvas
61 verbose request uri https://registry.npmjs.org/canvas
62 verbose request no auth needed
63 info attempt registry request try #1 at 6:23:31 PM
64 verbose etag W/"5840247d-1e475"
65 verbose lastModified Thu, 01 Dec 2016 13:24:13 GMT
66 http request GET https://registry.npmjs.org/canvas
67 http 304 https://registry.npmjs.org/canvas
68 verbose headers { date: 'Fri, 30 Dec 2016 23:23:31 GMT',
68 verbose headers   via: '1.1 varnish',
68 verbose headers   'cache-control': 'max-age=300',
68 verbose headers   etag: 'W/"5840247d-1e475"',
68 verbose headers   age: '0',
68 verbose headers   connection: 'keep-alive',
68 verbose headers   'x-served-by': 'cache-atl6230-ATL',
68 verbose headers   'x-cache': 'HIT',
68 verbose headers   'x-cache-hits': '1',
68 verbose headers   'x-timer': 'S1483140211.814410,VS0,VE189',
68 verbose headers   vary: 'Accept-Encoding' }
69 silly get cb [ 304,
69 silly get   { date: 'Fri, 30 Dec 2016 23:23:31 GMT',
69 silly get     via: '1.1 varnish',
69 silly get     'cache-control': 'max-age=300',
69 silly get     etag: 'W/"5840247d-1e475"',
69 silly get     age: '0',
69 silly get     connection: 'keep-alive',
69 silly get     'x-served-by': 'cache-atl6230-ATL',
69 silly get     'x-cache': 'HIT',
69 silly get     'x-cache-hits': '1',
69 silly get     'x-timer': 'S1483140211.814410,VS0,VE189',
69 silly get     vary: 'Accept-Encoding' } ]
70 verbose etag https://registry.npmjs.org/canvas from cache
71 verbose get saving canvas to /Users/josephphillips/.npm/registry.npmjs.org/canvas/.cache.json
72 verbose correctMkdir /Users/josephphillips/.npm correctMkdir not in flight; initializing
73 silly resolveWithNewModule canvas@1.1.3 checking installable status
74 silly cache add args [ 'canvas@1.1.3', null ]
75 verbose cache add spec canvas@1.1.3
76 silly cache add parsed spec Result {
76 silly cache add   raw: 'canvas@1.1.3',
76 silly cache add   scope: null,
76 silly cache add   escapedName: 'canvas',
76 silly cache add   name: 'canvas',
76 silly cache add   rawSpec: '1.1.3',
76 silly cache add   spec: '1.1.3',
76 silly cache add   type: 'version' }
77 silly addNamed canvas@1.1.3
78 verbose addNamed "1.1.3" is a plain semver version for canvas
79 silly mapToRegistry name canvas
80 silly mapToRegistry using default registry
81 silly mapToRegistry registry https://registry.npmjs.org/
82 silly mapToRegistry data Result {
82 silly mapToRegistry   raw: 'canvas',
82 silly mapToRegistry   scope: null,
82 silly mapToRegistry   escapedName: 'canvas',
82 silly mapToRegistry   name: 'canvas',
82 silly mapToRegistry   rawSpec: '',
82 silly mapToRegistry   spec: 'latest',
82 silly mapToRegistry   type: 'tag' }
83 silly mapToRegistry uri https://registry.npmjs.org/canvas
84 verbose addNameVersion registry:https://registry.npmjs.org/canvas not in flight; fetching
85 verbose get https://registry.npmjs.org/canvas not expired, no request
86 silly cache afterAdd canvas@1.1.3
87 verbose afterAdd /Users/josephphillips/.npm/canvas/1.1.3/package/package.json not in flight; writing
88 verbose correctMkdir /Users/josephphillips/.npm correctMkdir not in flight; initializing
89 verbose afterAdd /Users/josephphillips/.npm/canvas/1.1.3/package/package.json written
90 silly fetchNamedPackageData nan
91 silly mapToRegistry name nan
92 silly mapToRegistry using default registry
93 silly mapToRegistry registry https://registry.npmjs.org/
94 silly mapToRegistry data Result {
94 silly mapToRegistry   raw: 'nan',
94 silly mapToRegistry   scope: null,
94 silly mapToRegistry   escapedName: 'nan',
94 silly mapToRegistry   name: 'nan',
94 silly mapToRegistry   rawSpec: '',
94 silly mapToRegistry   spec: 'latest',
94 silly mapToRegistry   type: 'tag' }
95 silly mapToRegistry uri https://registry.npmjs.org/nan
96 verbose request uri https://registry.npmjs.org/nan
97 verbose request no auth needed
98 info attempt registry request try #1 at 6:23:32 PM
99 verbose etag W/"585acecf-1d7db"
100 verbose lastModified Wed, 21 Dec 2016 18:49:51 GMT
101 http request GET https://registry.npmjs.org/nan
102 http 304 https://registry.npmjs.org/nan
103 verbose headers { date: 'Fri, 30 Dec 2016 23:23:32 GMT',
103 verbose headers   via: '1.1 varnish',
103 verbose headers   'cache-control': 'max-age=300',
103 verbose headers   etag: 'W/"585acecf-1d7db"',
103 verbose headers   age: '24',
103 verbose headers   connection: 'keep-alive',
103 verbose headers   'x-served-by': 'cache-atl6230-ATL',
103 verbose headers   'x-cache': 'HIT',
103 verbose headers   'x-cache-hits': '1102',
103 verbose headers   'x-timer': 'S1483140212.051232,VS0,VE0',
103 verbose headers   vary: 'Accept-Encoding' }
104 silly get cb [ 304,
104 silly get   { date: 'Fri, 30 Dec 2016 23:23:32 GMT',
104 silly get     via: '1.1 varnish',
104 silly get     'cache-control': 'max-age=300',
104 silly get     etag: 'W/"585acecf-1d7db"',
104 silly get     age: '24',
104 silly get     connection: 'keep-alive',
104 silly get     'x-served-by': 'cache-atl6230-ATL',
104 silly get     'x-cache': 'HIT',
104 silly get     'x-cache-hits': '1102',
104 silly get     'x-timer': 'S1483140212.051232,VS0,VE0',
104 silly get     vary: 'Accept-Encoding' } ]
105 verbose etag https://registry.npmjs.org/nan from cache
106 verbose get saving nan to /Users/josephphillips/.npm/registry.npmjs.org/nan/.cache.json
107 verbose correctMkdir /Users/josephphillips/.npm correctMkdir not in flight; initializing
108 silly resolveWithNewModule nan@0.4.4 checking installable status
109 silly cache add args [ 'nan@~0.4.1', null ]
110 verbose cache add spec nan@~0.4.1
111 silly cache add parsed spec Result {
111 silly cache add   raw: 'nan@~0.4.1',
111 silly cache add   scope: null,
111 silly cache add   escapedName: 'nan',
111 silly cache add   name: 'nan',
111 silly cache add   rawSpec: '~0.4.1',
111 silly cache add   spec: '>=0.4.1 <0.5.0',
111 silly cache add   type: 'range' }
112 silly addNamed nan@>=0.4.1 <0.5.0
113 verbose addNamed ">=0.4.1 <0.5.0" is a valid semver range for nan
114 silly addNameRange { name: 'nan', range: '>=0.4.1 <0.5.0', hasData: false }
115 silly mapToRegistry name nan
116 silly mapToRegistry using default registry
117 silly mapToRegistry registry https://registry.npmjs.org/
118 silly mapToRegistry data Result {
118 silly mapToRegistry   raw: 'nan',
118 silly mapToRegistry   scope: null,
118 silly mapToRegistry   escapedName: 'nan',
118 silly mapToRegistry   name: 'nan',
118 silly mapToRegistry   rawSpec: '',
118 silly mapToRegistry   spec: 'latest',
118 silly mapToRegistry   type: 'tag' }
119 silly mapToRegistry uri https://registry.npmjs.org/nan
120 verbose addNameRange registry:https://registry.npmjs.org/nan not in flight; fetching
121 verbose get https://registry.npmjs.org/nan not expired, no request
122 silly addNameRange number 2 { name: 'nan', range: '>=0.4.1 <0.5.0', hasData: true }
123 silly addNameRange versions [ 'nan',
123 silly addNameRange   [ '0.3.0-wip',
123 silly addNameRange     '0.3.0-wip2',
123 silly addNameRange     '0.3.0',
123 silly addNameRange     '0.3.1',
123 silly addNameRange     '0.3.2',
123 silly addNameRange     '0.4.0',
123 silly addNameRange     '0.4.1',
123 silly addNameRange     '0.4.2',
123 silly addNameRange     '0.4.3',
123 silly addNameRange     '0.4.4',
123 silly addNameRange     '0.5.0',
123 silly addNameRange     '0.5.1',
123 silly addNameRange     '0.5.2',
123 silly addNameRange     '0.6.0',
123 silly addNameRange     '0.7.0',
123 silly addNameRange     '0.7.1',
123 silly addNameRange     '0.8.0',
123 silly addNameRange     '1.0.0',
123 silly addNameRange     '1.1.0',
123 silly addNameRange     '1.1.1',
123 silly addNameRange     '1.1.2',
123 silly addNameRange     '1.2.0',
123 silly addNameRange     '1.3.0',
123 silly addNameRange     '1.4.0',
123 silly addNameRange     '1.4.1',
123 silly addNameRange     '1.5.0',
123 silly addNameRange     '1.4.2',
123 silly addNameRange     '1.4.3',
123 silly addNameRange     '1.5.1',
123 silly addNameRange     '1.5.2',
123 silly addNameRange     '1.6.0',
123 silly addNameRange     '1.5.3',
123 silly addNameRange     '1.6.1',
123 silly addNameRange     '1.6.2',
123 silly addNameRange     '1.7.0',
123 silly addNameRange     '1.8.0',
123 silly addNameRange     '1.8.1',
123 silly addNameRange     '1.8.2',
123 silly addNameRange     '1.8.3',
123 silly addNameRange     '1.8.4',
123 silly addNameRange     '1.9.0',
123 silly addNameRange     '2.0.0',
123 silly addNameRange     '2.0.1',
123 silly addNameRange     '2.0.2',
123 silly addNameRange     '2.0.3',
123 silly addNameRange     '2.0.4',
123 silly addNameRange     '2.0.5',
123 silly addNameRange     '2.0.6',
123 silly addNameRange     '2.0.7',
123 silly addNameRange     '2.0.8',
123 silly addNameRange     '2.0.9',
123 silly addNameRange     '2.1.0',
123 silly addNameRange     '2.2.0',
123 silly addNameRange     '2.2.1',
123 silly addNameRange     '2.3.0',
123 silly addNameRange     '2.3.1',
123 silly addNameRange     '2.3.2',
123 silly addNameRange     '2.3.3',
123 silly addNameRange     '2.3.4',
123 silly addNameRange     '2.3.5',
123 silly addNameRange     '2.4.0',
123 silly addNameRange     '2.5.0' ] ]
124 silly addNamed nan@0.4.4
125 verbose addNamed "0.4.4" is a plain semver version for nan
126 silly cache afterAdd nan@0.4.4
127 verbose afterAdd /Users/josephphillips/.npm/nan/0.4.4/package/package.json not in flight; writing
128 verbose correctMkdir /Users/josephphillips/.npm correctMkdir not in flight; initializing
129 verbose afterAdd /Users/josephphillips/.npm/nan/0.4.4/package/package.json written
130 silly loadAllDepsIntoIdealTree Finishing
131 silly loadIdealTree Finishing
132 silly currentTree mac-setup@0.0.3
132 silly currentTree ├── abbrev@1.0.9
132 silly currentTree ├── amdefine@1.0.1
132 silly currentTree ├─┬ argparse@0.1.16
132 silly currentTree │ └── underscore.string@2.4.0
132 silly currentTree ├── async@0.2.10
132 silly currentTree ├── camelcase@1.2.1
132 silly currentTree ├── canvas@1.6.2
132 silly currentTree ├── coffee-script@1.3.3
132 silly currentTree ├── collections@0.1.24
132 silly currentTree ├── colors@0.6.2
132 silly currentTree ├── commander@2.2.0
132 silly currentTree ├── dateformat@1.0.2-1.2.3
132 silly currentTree ├── debug@2.6.0
132 silly currentTree ├── decamelize@1.2.0
132 silly currentTree ├─┬ ecstatic@0.4.13
132 silly currentTree │ └── optimist@0.3.7
132 silly currentTree ├── ent@0.0.7
132 silly currentTree ├── esprima@1.0.4
132 silly currentTree ├── eventemitter2@0.4.14
132 silly currentTree ├── exit@0.1.2
132 silly currentTree ├── faye-websocket@0.4.4
132 silly currentTree ├─┬ findup-sync@0.1.3
132 silly currentTree │ ├── glob@3.2.11
132 silly currentTree │ └── minimatch@0.3.0
132 silly currentTree ├── fresh@0.2.4
132 silly currentTree ├── fs-extra@0.8.1
132 silly currentTree ├── fstream-ignore@0.0.7
132 silly currentTree ├─┬ fstream@0.1.31
132 silly currentTree │ └── mkdirp@0.5.1
132 silly currentTree ├── gaze@0.5.2
132 silly currentTree ├── getobject@0.1.0
132 silly currentTree ├── gitbook-plugin-exercises@1.0.0
132 silly currentTree ├── gitbook-plugin-livereload@0.0.1
132 silly currentTree ├── gitbook-plugin-mathjax@0.0.3
132 silly currentTree ├── gitbook-plugin-quizzes@1.0.0
132 silly currentTree ├── gitbook-plugin@0.0.2
132 silly currentTree ├── gitbook@0.6.0
132 silly currentTree ├─┬ glob@3.1.21
132 silly currentTree │ ├── graceful-fs@1.2.3
132 silly currentTree │ └── inherits@1.0.2
132 silly currentTree ├─┬ globule@0.1.0
132 silly currentTree │ └── lodash@1.0.2
132 silly currentTree ├── graceful-fs@3.0.11
132 silly currentTree ├─┬ grunt-cli@0.1.11
132 silly currentTree │ ├── nopt@1.0.10
132 silly currentTree │ └── resolve@0.3.1
132 silly currentTree ├── grunt-contrib-clean@0.5.0
132 silly currentTree ├─┬ grunt-gh-pages@0.9.1
132 silly currentTree │ ├── async@0.2.9
132 silly currentTree │ ├── graceful-fs@2.0.1
132 silly currentTree │ └── q@0.9.3
132 silly currentTree ├─┬ grunt-gitbook@1.5.0
132 silly currentTree │ ├── fs-extra@0.10.0
132 silly currentTree │ ├── gitbook-plugin-mathjax@0.0.6
132 silly currentTree │ ├── gitbook@1.5.0
132 silly currentTree │ ├── graceful-fs@3.0.2
132 silly currentTree │ ├── highlight.js@8.3.0
132 silly currentTree │ ├── jsonfile@1.2.0
132 silly currentTree │ ├── mkdirp@0.5.1
132 silly currentTree │ └── ncp@0.5.1
132 silly currentTree ├── grunt-http-server@0.0.5
132 silly currentTree ├─┬ grunt-legacy-log-utils@0.1.1
132 silly currentTree │ └── underscore.string@2.3.3
132 silly currentTree ├─┬ grunt-legacy-log@0.1.3
132 silly currentTree │ └── underscore.string@2.3.3
132 silly currentTree ├─┬ grunt-legacy-util@0.2.0
132 silly currentTree │ ├── async@0.1.22
132 silly currentTree │ └── lodash@0.9.2
132 silly currentTree ├─┬ grunt@0.4.5
132 silly currentTree │ ├── async@0.1.22
132 silly currentTree │ ├── lodash@0.9.2
132 silly currentTree │ └── nopt@1.0.10
132 silly currentTree ├── highlight.js@8.0.0
132 silly currentTree ├── hooker@0.2.3
132 silly currentTree ├─┬ http-server@0.6.0
132 silly currentTree │ └── optimist@0.5.2
132 silly currentTree ├── iconv-lite@0.2.11
132 silly currentTree ├── inherits@2.0.3
132 silly currentTree ├── js-yaml@2.0.5
132 silly currentTree ├── jsonfile@1.1.1
132 silly currentTree ├── kramed-text-renderer@0.2.1
132 silly currentTree ├── kramed@0.4.3
132 silly currentTree ├── lodash@2.4.1
132 silly currentTree ├── lru-cache@2.7.3
132 silly currentTree ├── lunr@0.5.2
132 silly currentTree ├── marked-text-renderer@0.0.1
132 silly currentTree ├── marked@0.3.2
132 silly currentTree ├── mime@1.2.11
132 silly currentTree ├── mimeparse@0.1.4
132 silly currentTree ├── minimatch@0.2.14
132 silly currentTree ├── minimist@0.0.8
132 silly currentTree ├── mkdirp@0.3.5
132 silly currentTree ├── ms@0.7.2
132 silly currentTree ├── nan@2.5.0
132 silly currentTree ├── natives@1.1.0
132 silly currentTree ├── ncp@0.4.2
132 silly currentTree ├── nopt@2.0.0
132 silly currentTree ├── noptify@0.0.3
132 silly currentTree ├─┬ npm@2.15.11
132 silly currentTree │ ├── abbrev@1.0.9
132 silly currentTree │ ├── ansi-regex@2.0.0
132 silly currentTree │ ├── ansi@0.3.1
132 silly currentTree │ ├── ansicolors@0.3.2
132 silly currentTree │ ├── ansistyles@0.1.3
132 silly currentTree │ ├── archy@1.0.0
132 silly currentTree │ ├── async-some@1.0.2
132 silly currentTree │ ├── block-stream@0.0.9
132 silly currentTree │ ├── char-spinner@1.0.1
132 silly currentTree │ ├── chmodr@1.0.2
132 silly currentTree │ ├── chownr@1.0.1
132 silly currentTree │ ├── cmd-shim@2.0.2
132 silly currentTree │ ├─┬ columnify@1.5.4
132 silly currentTree │ │ └─┬ wcwidth@1.0.0
132 silly currentTree │ │   └─┬ defaults@1.0.3
132 silly currentTree │ │     └── clone@1.0.2
132 silly currentTree │ ├─┬ config-chain@1.1.10
132 silly currentTree │ │ └── proto-list@1.2.4
132 silly currentTree │ ├─┬ dezalgo@1.0.3
132 silly currentTree │ │ └── asap@2.0.3
132 silly currentTree │ ├── editor@1.0.0
132 silly currentTree │ ├── fs-vacuum@1.2.9
132 silly currentTree │ ├─┬ fs-write-stream-atomic@1.0.8
132 silly currentTree │ │ └── iferr@0.1.5
132 silly currentTree │ ├─┬ fstream-npm@1.1.1
132 silly currentTree │ │ └── fstream-ignore@1.0.5
132 silly currentTree │ ├── fstream@1.0.10
132 silly currentTree │ ├── github-url-from-git@1.4.0
132 silly currentTree │ ├── github-url-from-username-repo@1.0.2
132 silly currentTree │ ├─┬ glob@7.0.6
132 silly currentTree │ │ ├── fs.realpath@1.0.0
132 silly currentTree │ │ └── path-is-absolute@1.0.0
132 silly currentTree │ ├── graceful-fs@4.1.6
132 silly currentTree │ ├── hosted-git-info@2.1.5
132 silly currentTree │ ├── imurmurhash@0.1.4
132 silly currentTree │ ├── inflight@1.0.5
132 silly currentTree │ ├── inherits@2.0.3
132 silly currentTree │ ├── ini@1.3.4
132 silly currentTree │ ├─┬ init-package-json@1.9.4
132 silly currentTree │ │ ├─┬ glob@6.0.4
132 silly currentTree │ │ │ └── path-is-absolute@1.0.0
132 silly currentTree │ │ └── promzard@0.3.0
132 silly currentTree │ ├── lockfile@1.0.1
132 silly currentTree │ ├─┬ lru-cache@4.0.1
132 silly currentTree │ │ ├── pseudomap@1.0.2
132 silly currentTree │ │ └── yallist@2.0.0
132 silly currentTree │ ├─┬ minimatch@3.0.3
132 silly currentTree │ │ └─┬ brace-expansion@1.1.6
132 silly currentTree │ │   ├── balanced-match@0.4.2
132 silly currentTree │ │   └── concat-map@0.0.1
132 silly currentTree │ ├─┬ mkdirp@0.5.1
132 silly currentTree │ │ └── minimist@0.0.8
132 silly currentTree │ ├─┬ node-gyp@3.4.0
132 silly currentTree │ │ └─┬ path-array@1.0.1
132 silly currentTree │ │   └─┬ array-index@1.0.0
132 silly currentTree │ │     ├─┬ debug@2.2.0
132 silly currentTree │ │     │ └── ms@0.7.1
132 silly currentTree │ │     └─┬ es6-symbol@3.1.0
132 silly currentTree │ │       ├── d@0.1.1
132 silly currentTree │ │       └─┬ es5-ext@0.10.12
132 silly currentTree │ │         └── es6-iterator@2.0.0
132 silly currentTree │ ├── nopt@3.0.6
132 silly currentTree │ ├── normalize-git-url@3.0.2
132 silly currentTree │ ├─┬ normalize-package-data@2.3.5
132 silly currentTree │ │ └─┬ is-builtin-module@1.0.0
132 silly currentTree │ │   └── builtin-modules@1.1.0
132 silly currentTree │ ├── npm-cache-filename@1.0.2
132 silly currentTree │ ├── npm-install-checks@1.0.7
132 silly currentTree │ ├── npm-package-arg@4.1.0
132 silly currentTree │ ├─┬ npm-registry-client@7.2.1
132 silly currentTree │ │ ├─┬ concat-stream@1.5.2
132 silly currentTree │ │ │ ├─┬ readable-stream@2.0.6
132 silly currentTree │ │ │ │ ├── core-util-is@1.0.2
132 silly currentTree │ │ │ │ ├── isarray@1.0.0
132 silly currentTree │ │ │ │ ├── process-nextick-args@1.0.7
132 silly currentTree │ │ │ │ ├── string_decoder@0.10.31
132 silly currentTree │ │ │ │ └── util-deprecate@1.0.2
132 silly currentTree │ │ │ └── typedarray@0.0.6
132 silly currentTree │ │ └── retry@0.10.0
132 silly currentTree │ ├── npm-user-validate@0.1.5
132 silly currentTree │ ├─┬ npmlog@2.0.4
132 silly currentTree │ │ ├─┬ are-we-there-yet@1.1.2
132 silly currentTree │ │ │ └── delegates@1.0.0
132 silly currentTree │ │ └─┬ gauge@1.2.7
132 silly currentTree │ │   ├── has-unicode@2.0.0
132 silly currentTree │ │   ├── lodash._baseslice@4.0.0
132 silly currentTree │ │   ├── lodash._basetostring@4.12.0
132 silly currentTree │ │   ├── lodash.pad@4.4.0
132 silly currentTree │ │   ├── lodash.padend@4.5.0
132 silly currentTree │ │   ├── lodash.padstart@4.5.0
132 silly currentTree │ │   └── lodash.tostring@4.1.4
132 silly currentTree │ ├── once@1.4.0
132 silly currentTree │ ├── opener@1.4.1
132 silly currentTree │ ├─┬ osenv@0.1.3
132 silly currentTree │ │ ├── os-homedir@1.0.0
132 silly currentTree │ │ └── os-tmpdir@1.0.1
132 silly currentTree │ ├── path-is-inside@1.0.1
132 silly currentTree │ ├─┬ read-installed@4.0.3
132 silly currentTree │ │ ├── debuglog@1.0.1
132 silly currentTree │ │ ├── readdir-scoped-modules@1.0.2
132 silly currentTree │ │ └── util-extend@1.0.1
132 silly currentTree │ ├─┬ read-package-json@2.0.4
132 silly currentTree │ │ ├─┬ glob@6.0.4
132 silly currentTree │ │ │ └── path-is-absolute@1.0.0
132 silly currentTree │ │ └─┬ json-parse-helpfulerror@1.0.3
132 silly currentTree │ │   └── jju@1.3.0
132 silly currentTree │ ├─┬ read@1.0.7
132 silly currentTree │ │ └── mute-stream@0.0.5
132 silly currentTree │ ├─┬ readable-stream@2.1.5
132 silly currentTree │ │ ├── buffer-shims@1.0.0
132 silly currentTree │ │ ├── core-util-is@1.0.2
132 silly currentTree │ │ ├── isarray@1.0.0
132 silly currentTree │ │ ├── process-nextick-args@1.0.7
132 silly currentTree │ │ ├── string_decoder@0.10.31
132 silly currentTree │ │ └── util-deprecate@1.0.2
132 silly currentTree │ ├── realize-package-specifier@3.0.1
132 silly currentTree │ ├─┬ request@2.74.0
132 silly currentTree │ │ ├── aws-sign2@0.6.0
132 silly currentTree │ │ ├── aws4@1.4.1
132 silly currentTree │ │ ├─┬ bl@1.1.2
132 silly currentTree │ │ │ └─┬ readable-stream@2.0.6
132 silly currentTree │ │ │   ├── core-util-is@1.0.2
132 silly currentTree │ │ │   ├── isarray@1.0.0
132 silly currentTree │ │ │   ├── process-nextick-args@1.0.7
132 silly currentTree │ │ │   ├── string_decoder@0.10.31
132 silly currentTree │ │ │   └── util-deprecate@1.0.2
132 silly currentTree │ │ ├── caseless@0.11.0
132 silly currentTree │ │ ├─┬ combined-stream@1.0.5
132 silly currentTree │ │ │ └── delayed-stream@1.0.0
132 silly currentTree │ │ ├── extend@3.0.0
132 silly currentTree │ │ ├── forever-agent@0.6.1
132 silly currentTree │ │ ├─┬ form-data@1.0.0-rc4
132 silly currentTree │ │ │ └── async@1.5.2
132 silly currentTree │ │ ├─┬ har-validator@2.0.6
132 silly currentTree │ │ │ ├─┬ chalk@1.1.3
132 silly currentTree │ │ │ │ ├── ansi-styles@2.2.1
132 silly currentTree │ │ │ │ ├── escape-string-regexp@1.0.5
132 silly currentTree │ │ │ │ ├── has-ansi@2.0.0
132 silly currentTree │ │ │ │ └── supports-color@2.0.0
132 silly currentTree │ │ │ ├─┬ commander@2.9.0
132 silly currentTree │ │ │ │ └── graceful-readlink@1.0.1
132 silly currentTree │ │ │ ├─┬ is-my-json-valid@2.13.1
132 silly currentTree │ │ │ │ ├── generate-function@2.0.0
132 silly currentTree │ │ │ │ ├─┬ generate-object-property@1.2.0
132 silly currentTree │ │ │ │ │ └── is-property@1.0.2
132 silly currentTree │ │ │ │ ├── jsonpointer@2.0.0
132 silly currentTree │ │ │ │ └── xtend@4.0.1
132 silly currentTree │ │ │ └─┬ pinkie-promise@2.0.1
132 silly currentTree │ │ │   └── pinkie@2.0.4
132 silly currentTree │ │ ├─┬ hawk@3.1.3
132 silly currentTree │ │ │ ├── boom@2.10.1
132 silly currentTree │ │ │ ├── cryptiles@2.0.5
132 silly currentTree │ │ │ ├── hoek@2.16.3
132 silly currentTree │ │ │ └── sntp@1.0.9
132 silly currentTree │ │ ├─┬ http-signature@1.1.1
132 silly currentTree │ │ │ ├── assert-plus@0.2.0
132 silly currentTree │ │ │ ├─┬ jsprim@1.3.0
132 silly currentTree │ │ │ │ ├── extsprintf@1.0.2
132 silly currentTree │ │ │ │ ├── json-schema@0.2.2
132 silly currentTree │ │ │ │ └── verror@1.3.6
132 silly currentTree │ │ │ └─┬ sshpk@1.9.2
132 silly currentTree │ │ │   ├── asn1@0.2.3
132 silly currentTree │ │ │   ├── assert-plus@1.0.0
132 silly currentTree │ │ │   ├── dashdash@1.14.0
132 silly currentTree │ │ │   ├── ecc-jsbn@0.1.1
132 silly currentTree │ │ │   ├── getpass@0.1.6
132 silly currentTree │ │ │   ├── jodid25519@1.0.2
132 silly currentTree │ │ │   ├── jsbn@0.1.0
132 silly currentTree │ │ │   └── tweetnacl@0.13.3
132 silly currentTree │ │ ├── is-typedarray@1.0.0
132 silly currentTree │ │ ├── isstream@0.1.2
132 silly currentTree │ │ ├── json-stringify-safe@5.0.1
132 silly currentTree │ │ ├─┬ mime-types@2.1.11
132 silly currentTree │ │ │ └── mime-db@1.23.0
132 silly currentTree │ │ ├── node-uuid@1.4.7
132 silly currentTree │ │ ├── oauth-sign@0.8.2
132 silly currentTree │ │ ├── qs@6.2.1
132 silly currentTree │ │ ├── stringstream@0.0.5
132 silly currentTree │ │ ├── tough-cookie@2.3.1
132 silly currentTree │ │ └── tunnel-agent@0.4.3
132 silly currentTree │ ├── retry@0.10.0
132 silly currentTree │ ├── rimraf@2.5.4
132 silly currentTree │ ├── semver@5.1.0
132 silly currentTree │ ├─┬ sha@2.0.1
132 silly currentTree │ │ └─┬ readable-stream@2.0.2
132 silly currentTree │ │   ├── core-util-is@1.0.1
132 silly currentTree │ │   ├── isarray@0.0.1
132 silly currentTree │ │   ├── process-nextick-args@1.0.3
132 silly currentTree │ │   ├── string_decoder@0.10.31
132 silly currentTree │ │   └── util-deprecate@1.0.1
132 silly currentTree │ ├── slide@1.1.6
132 silly currentTree │ ├── sorted-object@2.0.0
132 silly currentTree │ ├── spdx-license-ids@1.2.2
132 silly currentTree │ ├── strip-ansi@3.0.1
132 silly currentTree │ ├── tar@2.2.1
132 silly currentTree │ ├── text-table@0.2.0
132 silly currentTree │ ├── uid-number@0.0.6
132 silly currentTree │ ├── umask@1.1.0
132 silly currentTree │ ├─┬ validate-npm-package-license@3.0.1
132 silly currentTree │ │ ├── spdx-correct@1.0.2
132 silly currentTree │ │ └─┬ spdx-expression-parse@1.0.2
132 silly currentTree │ │   └── spdx-exceptions@1.0.4
132 silly currentTree │ ├─┬ validate-npm-package-name@2.2.2
132 silly currentTree │ │ └── builtins@0.0.7
132 silly currentTree │ ├─┬ which@1.2.11
132 silly currentTree │ │ └── isexe@1.1.2
132 silly currentTree │ ├── wrappy@1.0.2
132 silly currentTree │ └── write-file-atomic@1.1.4
132 silly currentTree ├─┬ npmi@0.1.1
132 silly currentTree │ └── semver@4.3.6
132 silly currentTree ├── opener@1.3.0
132 silly currentTree ├── optimist@0.6.1
132 silly currentTree ├── pkginfo@0.2.3
132 silly currentTree ├─┬ portfinder@0.2.1
132 silly currentTree │ └── mkdirp@0.0.7
132 silly currentTree ├─┬ q-io@1.6.5
132 silly currentTree │ ├── q@0.9.7
132 silly currentTree │ └── qs@0.1.0
132 silly currentTree ├── q@1.0.1
132 silly currentTree ├── qs@0.5.6
132 silly currentTree ├── range-parser@1.0.3
132 silly currentTree ├── resolve@0.6.3
132 silly currentTree ├── rimraf@2.2.8
132 silly currentTree ├── semver@2.2.1
132 silly currentTree ├── send@0.2.0
132 silly currentTree ├── sigmund@1.0.1
132 silly currentTree ├── source-map@0.1.34
132 silly currentTree ├── swig@1.3.2
132 silly currentTree ├─┬ tiny-lr-fork@0.0.5
132 silly currentTree │ └── debug@0.7.4
132 silly currentTree ├── tmp@0.0.23
132 silly currentTree ├── uglify-js@2.4.24
132 silly currentTree ├── uglify-to-browserify@1.0.2
132 silly currentTree ├── underscore.string@2.2.1
132 silly currentTree ├── underscore@1.7.0
132 silly currentTree ├── union@0.3.8
132 silly currentTree ├── url2@0.0.0
132 silly currentTree ├── weak-map@1.0.0
132 silly currentTree ├── which@1.0.9
132 silly currentTree ├── window-size@0.1.0
132 silly currentTree ├── wordwrap@0.0.3
132 silly currentTree ├── wrench@1.5.1
132 silly currentTree └─┬ yargs@3.5.4
132 silly currentTree   └── wordwrap@0.0.2
133 silly idealTree mac-setup@0.0.3
133 silly idealTree ├── abbrev@1.0.9
133 silly idealTree ├── amdefine@1.0.1
133 silly idealTree ├─┬ argparse@0.1.16
133 silly idealTree │ └── underscore.string@2.4.0
133 silly idealTree ├── async@0.2.10
133 silly idealTree ├── camelcase@1.2.1
133 silly idealTree ├── canvas@1.6.2
133 silly idealTree ├── coffee-script@1.3.3
133 silly idealTree ├── collections@0.1.24
133 silly idealTree ├── colors@0.6.2
133 silly idealTree ├── commander@2.2.0
133 silly idealTree ├── dateformat@1.0.2-1.2.3
133 silly idealTree ├── debug@2.6.0
133 silly idealTree ├── decamelize@1.2.0
133 silly idealTree ├─┬ ecstatic@0.4.13
133 silly idealTree │ └── optimist@0.3.7
133 silly idealTree ├── ent@0.0.7
133 silly idealTree ├── esprima@1.0.4
133 silly idealTree ├── eventemitter2@0.4.14
133 silly idealTree ├── exit@0.1.2
133 silly idealTree ├── faye-websocket@0.4.4
133 silly idealTree ├─┬ findup-sync@0.1.3
133 silly idealTree │ ├── glob@3.2.11
133 silly idealTree │ └── minimatch@0.3.0
133 silly idealTree ├── fresh@0.2.4
133 silly idealTree ├── fs-extra@0.8.1
133 silly idealTree ├── fstream-ignore@0.0.7
133 silly idealTree ├─┬ fstream@0.1.31
133 silly idealTree │ └── mkdirp@0.5.1
133 silly idealTree ├── gaze@0.5.2
133 silly idealTree ├── getobject@0.1.0
133 silly idealTree ├─┬ gitbook-plugin-autocover@1.0.1
133 silly idealTree │ ├── canvas@1.1.3
133 silly idealTree │ └── nan@0.4.4
133 silly idealTree ├── gitbook-plugin-exercises@1.0.0
133 silly idealTree ├── gitbook-plugin-livereload@0.0.1
133 silly idealTree ├── gitbook-plugin-mathjax@0.0.3
133 silly idealTree ├── gitbook-plugin-quizzes@1.0.0
133 silly idealTree ├── gitbook-plugin@0.0.2
133 silly idealTree ├── gitbook@0.6.0
133 silly idealTree ├─┬ glob@3.1.21
133 silly idealTree │ ├── graceful-fs@1.2.3
133 silly idealTree │ └── inherits@1.0.2
133 silly idealTree ├─┬ globule@0.1.0
133 silly idealTree │ └── lodash@1.0.2
133 silly idealTree ├── graceful-fs@3.0.11
133 silly idealTree ├─┬ grunt-cli@0.1.11
133 silly idealTree │ ├── nopt@1.0.10
133 silly idealTree │ └── resolve@0.3.1
133 silly idealTree ├── grunt-contrib-clean@0.5.0
133 silly idealTree ├─┬ grunt-gh-pages@0.9.1
133 silly idealTree │ ├── async@0.2.9
133 silly idealTree │ ├── graceful-fs@2.0.1
133 silly idealTree │ └── q@0.9.3
133 silly idealTree ├─┬ grunt-gitbook@1.5.0
133 silly idealTree │ ├── fs-extra@0.10.0
133 silly idealTree │ ├── gitbook-plugin-mathjax@0.0.6
133 silly idealTree │ ├── gitbook@1.5.0
133 silly idealTree │ ├── graceful-fs@3.0.2
133 silly idealTree │ ├── highlight.js@8.3.0
133 silly idealTree │ ├── jsonfile@1.2.0
133 silly idealTree │ ├── mkdirp@0.5.1
133 silly idealTree │ └── ncp@0.5.1
133 silly idealTree ├── grunt-http-server@0.0.5
133 silly idealTree ├─┬ grunt-legacy-log-utils@0.1.1
133 silly idealTree │ └── underscore.string@2.3.3
133 silly idealTree ├─┬ grunt-legacy-log@0.1.3
133 silly idealTree │ └── underscore.string@2.3.3
133 silly idealTree ├─┬ grunt-legacy-util@0.2.0
133 silly idealTree │ ├── async@0.1.22
133 silly idealTree │ └── lodash@0.9.2
133 silly idealTree ├─┬ grunt@0.4.5
133 silly idealTree │ ├── async@0.1.22
133 silly idealTree │ ├── lodash@0.9.2
133 silly idealTree │ └── nopt@1.0.10
133 silly idealTree ├── highlight.js@8.0.0
133 silly idealTree ├── hooker@0.2.3
133 silly idealTree ├─┬ http-server@0.6.0
133 silly idealTree │ └── optimist@0.5.2
133 silly idealTree ├── iconv-lite@0.2.11
133 silly idealTree ├── inherits@2.0.3
133 silly idealTree ├── js-yaml@2.0.5
133 silly idealTree ├── jsonfile@1.1.1
133 silly idealTree ├── kramed-text-renderer@0.2.1
133 silly idealTree ├── kramed@0.4.3
133 silly idealTree ├── lodash@2.4.1
133 silly idealTree ├── lru-cache@2.7.3
133 silly idealTree ├── lunr@0.5.2
133 silly idealTree ├── marked-text-renderer@0.0.1
133 silly idealTree ├── marked@0.3.2
133 silly idealTree ├── mime@1.2.11
133 silly idealTree ├── mimeparse@0.1.4
133 silly idealTree ├── minimatch@0.2.14
133 silly idealTree ├── minimist@0.0.8
133 silly idealTree ├── mkdirp@0.3.5
133 silly idealTree ├── ms@0.7.2
133 silly idealTree ├── nan@2.5.0
133 silly idealTree ├── natives@1.1.0
133 silly idealTree ├── ncp@0.4.2
133 silly idealTree ├── nopt@2.0.0
133 silly idealTree ├── noptify@0.0.3
133 silly idealTree ├─┬ npm@2.15.11
133 silly idealTree │ ├── abbrev@1.0.9
133 silly idealTree │ ├── ansi-regex@2.0.0
133 silly idealTree │ ├── ansi@0.3.1
133 silly idealTree │ ├── ansicolors@0.3.2
133 silly idealTree │ ├── ansistyles@0.1.3
133 silly idealTree │ ├── archy@1.0.0
133 silly idealTree │ ├── async-some@1.0.2
133 silly idealTree │ ├── block-stream@0.0.9
133 silly idealTree │ ├── char-spinner@1.0.1
133 silly idealTree │ ├── chmodr@1.0.2
133 silly idealTree │ ├── chownr@1.0.1
133 silly idealTree │ ├── cmd-shim@2.0.2
133 silly idealTree │ ├─┬ columnify@1.5.4
133 silly idealTree │ │ └─┬ wcwidth@1.0.0
133 silly idealTree │ │   └─┬ defaults@1.0.3
133 silly idealTree │ │     └── clone@1.0.2
133 silly idealTree │ ├─┬ config-chain@1.1.10
133 silly idealTree │ │ └── proto-list@1.2.4
133 silly idealTree │ ├─┬ dezalgo@1.0.3
133 silly idealTree │ │ └── asap@2.0.3
133 silly idealTree │ ├── editor@1.0.0
133 silly idealTree │ ├── fs-vacuum@1.2.9
133 silly idealTree │ ├─┬ fs-write-stream-atomic@1.0.8
133 silly idealTree │ │ └── iferr@0.1.5
133 silly idealTree │ ├─┬ fstream-npm@1.1.1
133 silly idealTree │ │ └── fstream-ignore@1.0.5
133 silly idealTree │ ├── fstream@1.0.10
133 silly idealTree │ ├── github-url-from-git@1.4.0
133 silly idealTree │ ├── github-url-from-username-repo@1.0.2
133 silly idealTree │ ├─┬ glob@7.0.6
133 silly idealTree │ │ ├── fs.realpath@1.0.0
133 silly idealTree │ │ └── path-is-absolute@1.0.0
133 silly idealTree │ ├── graceful-fs@4.1.6
133 silly idealTree │ ├── hosted-git-info@2.1.5
133 silly idealTree │ ├── imurmurhash@0.1.4
133 silly idealTree │ ├── inflight@1.0.5
133 silly idealTree │ ├── inherits@2.0.3
133 silly idealTree │ ├── ini@1.3.4
133 silly idealTree │ ├─┬ init-package-json@1.9.4
133 silly idealTree │ │ ├─┬ glob@6.0.4
133 silly idealTree │ │ │ └── path-is-absolute@1.0.0
133 silly idealTree │ │ └── promzard@0.3.0
133 silly idealTree │ ├── lockfile@1.0.1
133 silly idealTree │ ├─┬ lru-cache@4.0.1
133 silly idealTree │ │ ├── pseudomap@1.0.2
133 silly idealTree │ │ └── yallist@2.0.0
133 silly idealTree │ ├─┬ minimatch@3.0.3
133 silly idealTree │ │ └─┬ brace-expansion@1.1.6
133 silly idealTree │ │   ├── balanced-match@0.4.2
133 silly idealTree │ │   └── concat-map@0.0.1
133 silly idealTree │ ├─┬ mkdirp@0.5.1
133 silly idealTree │ │ └── minimist@0.0.8
133 silly idealTree │ ├─┬ node-gyp@3.4.0
133 silly idealTree │ │ └─┬ path-array@1.0.1
133 silly idealTree │ │   └─┬ array-index@1.0.0
133 silly idealTree │ │     ├─┬ debug@2.2.0
133 silly idealTree │ │     │ └── ms@0.7.1
133 silly idealTree │ │     └─┬ es6-symbol@3.1.0
133 silly idealTree │ │       ├── d@0.1.1
133 silly idealTree │ │       └─┬ es5-ext@0.10.12
133 silly idealTree │ │         └── es6-iterator@2.0.0
133 silly idealTree │ ├── nopt@3.0.6
133 silly idealTree │ ├── normalize-git-url@3.0.2
133 silly idealTree │ ├─┬ normalize-package-data@2.3.5
133 silly idealTree │ │ └─┬ is-builtin-module@1.0.0
133 silly idealTree │ │   └── builtin-modules@1.1.0
133 silly idealTree │ ├── npm-cache-filename@1.0.2
133 silly idealTree │ ├── npm-install-checks@1.0.7
133 silly idealTree │ ├── npm-package-arg@4.1.0
133 silly idealTree │ ├─┬ npm-registry-client@7.2.1
133 silly idealTree │ │ ├─┬ concat-stream@1.5.2
133 silly idealTree │ │ │ ├─┬ readable-stream@2.0.6
133 silly idealTree │ │ │ │ ├── core-util-is@1.0.2
133 silly idealTree │ │ │ │ ├── isarray@1.0.0
133 silly idealTree │ │ │ │ ├── process-nextick-args@1.0.7
133 silly idealTree │ │ │ │ ├── string_decoder@0.10.31
133 silly idealTree │ │ │ │ └── util-deprecate@1.0.2
133 silly idealTree │ │ │ └── typedarray@0.0.6
133 silly idealTree │ │ └── retry@0.10.0
133 silly idealTree │ ├── npm-user-validate@0.1.5
133 silly idealTree │ ├─┬ npmlog@2.0.4
133 silly idealTree │ │ ├─┬ are-we-there-yet@1.1.2
133 silly idealTree │ │ │ └── delegates@1.0.0
133 silly idealTree │ │ └─┬ gauge@1.2.7
133 silly idealTree │ │   ├── has-unicode@2.0.0
133 silly idealTree │ │   ├── lodash._baseslice@4.0.0
133 silly idealTree │ │   ├── lodash._basetostring@4.12.0
133 silly idealTree │ │   ├── lodash.pad@4.4.0
133 silly idealTree │ │   ├── lodash.padend@4.5.0
133 silly idealTree │ │   ├── lodash.padstart@4.5.0
133 silly idealTree │ │   └── lodash.tostring@4.1.4
133 silly idealTree │ ├── once@1.4.0
133 silly idealTree │ ├── opener@1.4.1
133 silly idealTree │ ├─┬ osenv@0.1.3
133 silly idealTree │ │ ├── os-homedir@1.0.0
133 silly idealTree │ │ └── os-tmpdir@1.0.1
133 silly idealTree │ ├── path-is-inside@1.0.1
133 silly idealTree │ ├─┬ read-installed@4.0.3
133 silly idealTree │ │ ├── debuglog@1.0.1
133 silly idealTree │ │ ├── readdir-scoped-modules@1.0.2
133 silly idealTree │ │ └── util-extend@1.0.1
133 silly idealTree │ ├─┬ read-package-json@2.0.4
133 silly idealTree │ │ ├─┬ glob@6.0.4
133 silly idealTree │ │ │ └── path-is-absolute@1.0.0
133 silly idealTree │ │ └─┬ json-parse-helpfulerror@1.0.3
133 silly idealTree │ │   └── jju@1.3.0
133 silly idealTree │ ├─┬ read@1.0.7
133 silly idealTree │ │ └── mute-stream@0.0.5
133 silly idealTree │ ├─┬ readable-stream@2.1.5
133 silly idealTree │ │ ├── buffer-shims@1.0.0
133 silly idealTree │ │ ├── core-util-is@1.0.2
133 silly idealTree │ │ ├── isarray@1.0.0
133 silly idealTree │ │ ├── process-nextick-args@1.0.7
133 silly idealTree │ │ ├── string_decoder@0.10.31
133 silly idealTree │ │ └── util-deprecate@1.0.2
133 silly idealTree │ ├── realize-package-specifier@3.0.1
133 silly idealTree │ ├─┬ request@2.74.0
133 silly idealTree │ │ ├── aws-sign2@0.6.0
133 silly idealTree │ │ ├── aws4@1.4.1
133 silly idealTree │ │ ├─┬ bl@1.1.2
133 silly idealTree │ │ │ └─┬ readable-stream@2.0.6
133 silly idealTree │ │ │   ├── core-util-is@1.0.2
133 silly idealTree │ │ │   ├── isarray@1.0.0
133 silly idealTree │ │ │   ├── process-nextick-args@1.0.7
133 silly idealTree │ │ │   ├── string_decoder@0.10.31
133 silly idealTree │ │ │   └── util-deprecate@1.0.2
133 silly idealTree │ │ ├── caseless@0.11.0
133 silly idealTree │ │ ├─┬ combined-stream@1.0.5
133 silly idealTree │ │ │ └── delayed-stream@1.0.0
133 silly idealTree │ │ ├── extend@3.0.0
133 silly idealTree │ │ ├── forever-agent@0.6.1
133 silly idealTree │ │ ├─┬ form-data@1.0.0-rc4
133 silly idealTree │ │ │ └── async@1.5.2
133 silly idealTree │ │ ├─┬ har-validator@2.0.6
133 silly idealTree │ │ │ ├─┬ chalk@1.1.3
133 silly idealTree │ │ │ │ ├── ansi-styles@2.2.1
133 silly idealTree │ │ │ │ ├── escape-string-regexp@1.0.5
133 silly idealTree │ │ │ │ ├── has-ansi@2.0.0
133 silly idealTree │ │ │ │ └── supports-color@2.0.0
133 silly idealTree │ │ │ ├─┬ commander@2.9.0
133 silly idealTree │ │ │ │ └── graceful-readlink@1.0.1
133 silly idealTree │ │ │ ├─┬ is-my-json-valid@2.13.1
133 silly idealTree │ │ │ │ ├── generate-function@2.0.0
133 silly idealTree │ │ │ │ ├─┬ generate-object-property@1.2.0
133 silly idealTree │ │ │ │ │ └── is-property@1.0.2
133 silly idealTree │ │ │ │ ├── jsonpointer@2.0.0
133 silly idealTree │ │ │ │ └── xtend@4.0.1
133 silly idealTree │ │ │ └─┬ pinkie-promise@2.0.1
133 silly idealTree │ │ │   └── pinkie@2.0.4
133 silly idealTree │ │ ├─┬ hawk@3.1.3
133 silly idealTree │ │ │ ├── boom@2.10.1
133 silly idealTree │ │ │ ├── cryptiles@2.0.5
133 silly idealTree │ │ │ ├── hoek@2.16.3
133 silly idealTree │ │ │ └── sntp@1.0.9
133 silly idealTree │ │ ├─┬ http-signature@1.1.1
133 silly idealTree │ │ │ ├── assert-plus@0.2.0
133 silly idealTree │ │ │ ├─┬ jsprim@1.3.0
133 silly idealTree │ │ │ │ ├── extsprintf@1.0.2
133 silly idealTree │ │ │ │ ├── json-schema@0.2.2
133 silly idealTree │ │ │ │ └── verror@1.3.6
133 silly idealTree │ │ │ └─┬ sshpk@1.9.2
133 silly idealTree │ │ │   ├── asn1@0.2.3
133 silly idealTree │ │ │   ├── assert-plus@1.0.0
133 silly idealTree │ │ │   ├── dashdash@1.14.0
133 silly idealTree │ │ │   ├── ecc-jsbn@0.1.1
133 silly idealTree │ │ │   ├── getpass@0.1.6
133 silly idealTree │ │ │   ├── jodid25519@1.0.2
133 silly idealTree │ │ │   ├── jsbn@0.1.0
133 silly idealTree │ │ │   └── tweetnacl@0.13.3
133 silly idealTree │ │ ├── is-typedarray@1.0.0
133 silly idealTree │ │ ├── isstream@0.1.2
133 silly idealTree │ │ ├── json-stringify-safe@5.0.1
133 silly idealTree │ │ ├─┬ mime-types@2.1.11
133 silly idealTree │ │ │ └── mime-db@1.23.0
133 silly idealTree │ │ ├── node-uuid@1.4.7
133 silly idealTree │ │ ├── oauth-sign@0.8.2
133 silly idealTree │ │ ├── qs@6.2.1
133 silly idealTree │ │ ├── stringstream@0.0.5
133 silly idealTree │ │ ├── tough-cookie@2.3.1
133 silly idealTree │ │ └── tunnel-agent@0.4.3
133 silly idealTree │ ├── retry@0.10.0
133 silly idealTree │ ├── rimraf@2.5.4
133 silly idealTree │ ├── semver@5.1.0
133 silly idealTree │ ├─┬ sha@2.0.1
133 silly idealTree │ │ └─┬ readable-stream@2.0.2
133 silly idealTree │ │   ├── core-util-is@1.0.1
133 silly idealTree │ │   ├── isarray@0.0.1
133 silly idealTree │ │   ├── process-nextick-args@1.0.3
133 silly idealTree │ │   ├── string_decoder@0.10.31
133 silly idealTree │ │   └── util-deprecate@1.0.1
133 silly idealTree │ ├── slide@1.1.6
133 silly idealTree │ ├── sorted-object@2.0.0
133 silly idealTree │ ├── spdx-license-ids@1.2.2
133 silly idealTree │ ├── strip-ansi@3.0.1
133 silly idealTree │ ├── tar@2.2.1
133 silly idealTree │ ├── text-table@0.2.0
133 silly idealTree │ ├── uid-number@0.0.6
133 silly idealTree │ ├── umask@1.1.0
133 silly idealTree │ ├─┬ validate-npm-package-license@3.0.1
133 silly idealTree │ │ ├── spdx-correct@1.0.2
133 silly idealTree │ │ └─┬ spdx-expression-parse@1.0.2
133 silly idealTree │ │   └── spdx-exceptions@1.0.4
133 silly idealTree │ ├─┬ validate-npm-package-name@2.2.2
133 silly idealTree │ │ └── builtins@0.0.7
133 silly idealTree │ ├─┬ which@1.2.11
133 silly idealTree │ │ └── isexe@1.1.2
133 silly idealTree │ ├── wrappy@1.0.2
133 silly idealTree │ └── write-file-atomic@1.1.4
133 silly idealTree ├─┬ npmi@0.1.1
133 silly idealTree │ └── semver@4.3.6
133 silly idealTree ├── opener@1.3.0
133 silly idealTree ├── optimist@0.6.1
133 silly idealTree ├── pkginfo@0.2.3
133 silly idealTree ├─┬ portfinder@0.2.1
133 silly idealTree │ └── mkdirp@0.0.7
133 silly idealTree ├─┬ q-io@1.6.5
133 silly idealTree │ ├── q@0.9.7
133 silly idealTree │ └── qs@0.1.0
133 silly idealTree ├── q@1.0.1
133 silly idealTree ├── qs@0.5.6
133 silly idealTree ├── range-parser@1.0.3
133 silly idealTree ├── resolve@0.6.3
133 silly idealTree ├── rimraf@2.2.8
133 silly idealTree ├── semver@2.2.1
133 silly idealTree ├── send@0.2.0
133 silly idealTree ├── sigmund@1.0.1
133 silly idealTree ├── source-map@0.1.34
133 silly idealTree ├── swig@1.3.2
133 silly idealTree ├─┬ tiny-lr-fork@0.0.5
133 silly idealTree │ └── debug@0.7.4
133 silly idealTree ├── tmp@0.0.23
133 silly idealTree ├── uglify-js@2.4.24
133 silly idealTree ├── uglify-to-browserify@1.0.2
133 silly idealTree ├── underscore.string@2.2.1
133 silly idealTree ├── underscore@1.7.0
133 silly idealTree ├── union@0.3.8
133 silly idealTree ├── url2@0.0.0
133 silly idealTree ├── weak-map@1.0.0
133 silly idealTree ├── which@1.0.9
133 silly idealTree ├── window-size@0.1.0
133 silly idealTree ├── wordwrap@0.0.3
133 silly idealTree ├── wrench@1.5.1
133 silly idealTree └─┬ yargs@3.5.4
133 silly idealTree   └── wordwrap@0.0.2
134 silly generateActionsToTake Starting
135 silly install generateActionsToTake
136 silly generateActionsToTake Finishing
137 silly diffTrees action count 3
138 silly diffTrees add nan@0.4.4
139 silly diffTrees add canvas@1.1.3
140 silly diffTrees add gitbook-plugin-autocover@1.0.1
141 silly decomposeActions action count 24
142 silly decomposeActions fetch nan@0.4.4
143 silly decomposeActions extract nan@0.4.4
144 silly decomposeActions test nan@0.4.4
145 silly decomposeActions preinstall nan@0.4.4
146 silly decomposeActions build nan@0.4.4
147 silly decomposeActions install nan@0.4.4
148 silly decomposeActions postinstall nan@0.4.4
149 silly decomposeActions finalize nan@0.4.4
150 silly decomposeActions fetch canvas@1.1.3
151 silly decomposeActions extract canvas@1.1.3
152 silly decomposeActions test canvas@1.1.3
153 silly decomposeActions preinstall canvas@1.1.3
154 silly decomposeActions build canvas@1.1.3
155 silly decomposeActions install canvas@1.1.3
156 silly decomposeActions postinstall canvas@1.1.3
157 silly decomposeActions finalize canvas@1.1.3
158 silly decomposeActions fetch gitbook-plugin-autocover@1.0.1
159 silly decomposeActions extract gitbook-plugin-autocover@1.0.1
160 silly decomposeActions test gitbook-plugin-autocover@1.0.1
161 silly decomposeActions preinstall gitbook-plugin-autocover@1.0.1
162 silly decomposeActions build gitbook-plugin-autocover@1.0.1
163 silly decomposeActions install gitbook-plugin-autocover@1.0.1
164 silly decomposeActions postinstall gitbook-plugin-autocover@1.0.1
165 silly decomposeActions finalize gitbook-plugin-autocover@1.0.1
166 silly runTopLevelLifecycles Starting
167 silly install runPreinstallTopLevelLifecycles
168 silly preinstall mac-setup@0.0.3 /Users/josephphillips/Sites/mac-setup/mac-setup-a3a6dab4
169 info lifecycle mac-setup@0.0.3~preinstall: mac-setup@0.0.3
170 silly lifecycle mac-setup@0.0.3~preinstall: no script for preinstall, continuing
171 silly executeActions Starting
172 silly install executeActions
173 silly doSerial global-install 0
174 silly doParallel fetch 3
175 verbose correctMkdir /Users/josephphillips/.npm/_locks correctMkdir not in flight; initializing
176 verbose lock using /Users/josephphillips/.npm/_locks/staging-05a5607b1a1440d8.lock for /Users/josephphillips/Sites/mac-setup/node_modules/.staging
177 silly doParallel extract 3
178 silly extract nan@0.4.4
179 silly extract canvas@1.1.3
180 silly extract gitbook-plugin-autocover@1.0.1
181 verbose unbuild node_modules/.staging/nan-1eccf564
182 verbose unbuild node_modules/.staging/canvas-5280c3c6
183 verbose unbuild node_modules/.staging/gitbook-plugin-autocover-5f0d9239
184 silly gentlyRm /Users/josephphillips/Sites/mac-setup/node_modules/.staging/nan-1eccf564 is being purged from base /Users/josephphillips/Sites/mac-setup
185 verbose gentlyRm don't care about contents; nuking /Users/josephphillips/Sites/mac-setup/node_modules/.staging/nan-1eccf564
186 silly gentlyRm /Users/josephphillips/Sites/mac-setup/node_modules/.staging/canvas-5280c3c6 is being purged from base /Users/josephphillips/Sites/mac-setup
187 verbose gentlyRm don't care about contents; nuking /Users/josephphillips/Sites/mac-setup/node_modules/.staging/canvas-5280c3c6
188 verbose tar unpack /Users/josephphillips/.npm/nan/0.4.4/package.tgz
189 verbose tar unpacking to /Users/josephphillips/Sites/mac-setup/node_modules/.staging/nan-1eccf564
190 silly gentlyRm /Users/josephphillips/Sites/mac-setup/node_modules/.staging/nan-1eccf564 is being purged
191 verbose gentlyRm don't care about contents; nuking /Users/josephphillips/Sites/mac-setup/node_modules/.staging/nan-1eccf564
192 verbose tar unpack /Users/josephphillips/.npm/canvas/1.1.3/package.tgz
193 verbose tar unpacking to /Users/josephphillips/Sites/mac-setup/node_modules/.staging/canvas-5280c3c6
194 silly gentlyRm /Users/josephphillips/Sites/mac-setup/node_modules/.staging/canvas-5280c3c6 is being purged
195 verbose gentlyRm don't care about contents; nuking /Users/josephphillips/Sites/mac-setup/node_modules/.staging/canvas-5280c3c6
196 silly gentlyRm /Users/josephphillips/Sites/mac-setup/node_modules/.staging/gitbook-plugin-autocover-5f0d9239 is being purged from base /Users/josephphillips/Sites/mac-setup
197 verbose gentlyRm don't care about contents; nuking /Users/josephphillips/Sites/mac-setup/node_modules/.staging/gitbook-plugin-autocover-5f0d9239
198 silly gunzTarPerm modes [ '755', '644' ]
199 silly gunzTarPerm modes [ '755', '644' ]
200 verbose tar unpack /Users/josephphillips/.npm/gitbook-plugin-autocover/1.0.1/package.tgz
201 verbose tar unpacking to /Users/josephphillips/Sites/mac-setup/node_modules/.staging/gitbook-plugin-autocover-5f0d9239
202 silly gentlyRm /Users/josephphillips/Sites/mac-setup/node_modules/.staging/gitbook-plugin-autocover-5f0d9239 is being purged
203 verbose gentlyRm don't care about contents; nuking /Users/josephphillips/Sites/mac-setup/node_modules/.staging/gitbook-plugin-autocover-5f0d9239
204 silly gunzTarPerm modes [ '755', '644' ]
205 silly gunzTarPerm extractEntry package.json
206 silly gunzTarPerm extractEntry package.json
207 silly gunzTarPerm extractEntry package.json
208 silly gunzTarPerm extractEntry README.md
209 silly gunzTarPerm extractEntry LICENSE
210 silly gunzTarPerm extractEntry .index.js
211 silly gunzTarPerm extractEntry nan.h
212 silly gunzTarPerm extractEntry .npmignore
213 silly gunzTarPerm extractEntry index.js
214 silly gunzTarPerm extractEntry .npmignore
215 silly gunzTarPerm extractEntry README.md
216 silly gunzTarPerm extractEntry binding.gyp
217 silly gunzTarPerm extractEntry Makefile
218 silly gunzTarPerm extractEntry LICENSE
219 silly gunzTarPerm extractEntry topic.js
220 silly gunzTarPerm extractEntry draw.js
221 silly gunzTarPerm extractEntry test.js
222 silly gunzTarPerm extractEntry index.js
223 silly gunzTarPerm extractEntry published-with-gitbook.png
224 silly gunzTarPerm extractEntry colors.json
225 silly gunzTarPerm extractEntry topics.json
226 silly gunzTarPerm extractEntry Readme.md
227 silly gunzTarPerm extractEntry .gitmodules
228 silly gunzTarPerm extractEntry .travis.yml
229 silly gunzTarPerm extractEntry install
230 silly gunzTarPerm extractEntry lib/bindings.js
231 silly gunzTarPerm extractEntry lib/canvas.js
232 silly gunzTarPerm extractEntry lib/context2d.js
233 silly gunzTarPerm extractEntry lib/image.js
234 silly gunzTarPerm extractEntry lib/jpegstream.js
235 silly gunzTarPerm extractEntry lib/pixelarray.js
236 silly gunzTarPerm extractEntry lib/pngstream.js
237 silly gunzTarPerm extractEntry History.md
238 silly gunzTarPerm extractEntry src/Image.h
239 silly gunzTarPerm extractEntry src/Canvas.cc
240 silly gunzTarPerm extractEntry src/CanvasGradient.cc
241 silly gunzTarPerm extractEntry src/CanvasGradient.h
242 silly gunzTarPerm extractEntry src/CanvasPattern.cc
243 silly gunzTarPerm extractEntry src/CanvasPattern.h
244 silly gunzTarPerm extractEntry src/CanvasRenderingContext2d.cc
245 silly gunzTarPerm extractEntry src/CanvasRenderingContext2d.h
246 silly gunzTarPerm extractEntry src/FontFace.cc
247 silly gunzTarPerm extractEntry src/FontFace.h
248 silly gunzTarPerm extractEntry src/Image.cc
249 silly gunzTarPerm extractEntry src/Canvas.h
250 silly gunzTarPerm extractEntry src/ImageData.cc
251 silly gunzTarPerm extractEntry src/ImageData.h
252 silly gunzTarPerm extractEntry src/JPEGStream.h
253 silly gunzTarPerm extractEntry src/PNG.h
254 silly gunzTarPerm extractEntry src/PixelArray.cc
255 silly gunzTarPerm extractEntry src/PixelArray.h
256 silly gunzTarPerm extractEntry src/Point.h
257 silly gunzTarPerm extractEntry src/closure.h
258 silly gunzTarPerm extractEntry src/color.cc
259 silly gunzTarPerm extractEntry src/color.h
260 silly gunzTarPerm extractEntry src/init.cc
261 silly gunzTarPerm extractEntry util/cairo_include.sh
262 silly gunzTarPerm extractEntry util/has_cairo_freetype.sh
263 silly gunzTarPerm extractEntry util/has_lib.sh
264 silly gunzTarPerm extractEntry util/lib_lookup.sh
265 silly gentlyRm /Users/josephphillips/Sites/mac-setup/node_modules/.staging/nan-1eccf564/node_modules is being purged
266 verbose gentlyRm don't care about contents; nuking /Users/josephphillips/Sites/mac-setup/node_modules/.staging/nan-1eccf564/node_modules
267 silly gentlyRm /Users/josephphillips/Sites/mac-setup/node_modules/.staging/gitbook-plugin-autocover-5f0d9239/node_modules is being purged
268 verbose gentlyRm don't care about contents; nuking /Users/josephphillips/Sites/mac-setup/node_modules/.staging/gitbook-plugin-autocover-5f0d9239/node_modules
269 silly gentlyRm /Users/josephphillips/Sites/mac-setup/node_modules/.staging/canvas-5280c3c6/node_modules is being purged
270 verbose gentlyRm don't care about contents; nuking /Users/josephphillips/Sites/mac-setup/node_modules/.staging/canvas-5280c3c6/node_modules
271 silly doParallel preinstall 3
272 silly preinstall nan@0.4.4 /Users/josephphillips/Sites/mac-setup/node_modules/.staging/nan-1eccf564
273 info lifecycle nan@0.4.4~preinstall: nan@0.4.4
274 silly preinstall canvas@1.1.3 /Users/josephphillips/Sites/mac-setup/node_modules/.staging/canvas-5280c3c6
275 info lifecycle canvas@1.1.3~preinstall: canvas@1.1.3
276 silly preinstall gitbook-plugin-autocover@1.0.1 /Users/josephphillips/Sites/mac-setup/node_modules/.staging/gitbook-plugin-autocover-5f0d9239
277 info lifecycle gitbook-plugin-autocover@1.0.1~preinstall: gitbook-plugin-autocover@1.0.1
278 silly lifecycle nan@0.4.4~preinstall: no script for preinstall, continuing
279 silly lifecycle canvas@1.1.3~preinstall: no script for preinstall, continuing
280 silly lifecycle gitbook-plugin-autocover@1.0.1~preinstall: no script for preinstall, continuing
281 silly doReverseSerial remove 0
282 silly doSerial move 0
283 silly doSerial finalize 3
284 silly finalize /Users/josephphillips/Sites/mac-setup/node_modules/gitbook-plugin-autocover/node_modules/nan
285 silly finalize /Users/josephphillips/Sites/mac-setup/node_modules/gitbook-plugin-autocover/node_modules/canvas
286 silly finalize /Users/josephphillips/Sites/mac-setup/node_modules/gitbook-plugin-autocover
287 silly doSerial build 3
288 silly build nan@0.4.4
289 info linkStuff nan@0.4.4
290 silly linkStuff nan@0.4.4 has /Users/josephphillips/Sites/mac-setup/node_modules/gitbook-plugin-autocover/node_modules as its parent node_modules
291 verbose linkBins nan@0.4.4
292 verbose linkMans nan@0.4.4
293 silly build canvas@1.1.3
294 info linkStuff canvas@1.1.3
295 silly linkStuff canvas@1.1.3 has /Users/josephphillips/Sites/mac-setup/node_modules/gitbook-plugin-autocover/node_modules as its parent node_modules
296 verbose linkBins canvas@1.1.3
297 verbose linkMans canvas@1.1.3
298 silly build gitbook-plugin-autocover@1.0.1
299 info linkStuff gitbook-plugin-autocover@1.0.1
300 silly linkStuff gitbook-plugin-autocover@1.0.1 has /Users/josephphillips/Sites/mac-setup/node_modules as its parent node_modules
301 verbose linkBins gitbook-plugin-autocover@1.0.1
302 verbose linkMans gitbook-plugin-autocover@1.0.1
303 silly doSerial global-link 0
304 silly doParallel update-linked 0
305 silly doSerial install 3
306 silly install nan@0.4.4 /Users/josephphillips/Sites/mac-setup/node_modules/.staging/nan-1eccf564
307 info lifecycle nan@0.4.4~install: nan@0.4.4
308 silly lifecycle nan@0.4.4~install: no script for install, continuing
309 silly install canvas@1.1.3 /Users/josephphillips/Sites/mac-setup/node_modules/.staging/canvas-5280c3c6
310 info lifecycle canvas@1.1.3~install: canvas@1.1.3
311 verbose lifecycle canvas@1.1.3~install: unsafe-perm in lifecycle true
312 verbose lifecycle canvas@1.1.3~install: PATH: /usr/local/lib/node_modules/npm/bin/node-gyp-bin:/Users/josephphillips/Sites/mac-setup/node_modules/gitbook-plugin-autocover/node_modules/canvas/node_modules/.bin:/Users/josephphillips/Sites/mac-setup/node_modules/gitbook-plugin-autocover/node_modules/.bin:/Users/josephphillips/Sites/mac-setup/node_modules/.bin:/usr/local/Cellar/node/7.3.0/bin:/Users/josephphillips/.rbenv/shims:/Users/josephphillips/.rbenv/bin:/usr/local/share/python:/usr/local/bin:/usr/bin:/bin:/usr/sbin:/sbin:/usr/local/share/dotnet
313 verbose lifecycle canvas@1.1.3~install: CWD: /Users/josephphillips/Sites/mac-setup/node_modules/gitbook-plugin-autocover/node_modules/canvas
314 silly lifecycle canvas@1.1.3~install: Args: [ '-c', 'node-gyp rebuild' ]
315 silly lifecycle canvas@1.1.3~install: Returned: code: 1  signal: null
316 info lifecycle canvas@1.1.3~install: Failed to exec install script
317 verbose unlock done using /Users/josephphillips/.npm/_locks/staging-05a5607b1a1440d8.lock for /Users/josephphillips/Sites/mac-setup/node_modules/.staging
318 silly rollbackFailedOptional Starting
319 silly rollbackFailedOptional Finishing
320 silly runTopLevelLifecycles Finishing
321 silly install printInstalled
322 verbose stack Error: canvas@1.1.3 install: `node-gyp rebuild`
322 verbose stack Exit status 1
322 verbose stack     at EventEmitter.<anonymous> (/usr/local/lib/node_modules/npm/lib/utils/lifecycle.js:255:16)
322 verbose stack     at emitTwo (events.js:106:13)
322 verbose stack     at EventEmitter.emit (events.js:191:7)
322 verbose stack     at ChildProcess.<anonymous> (/usr/local/lib/node_modules/npm/lib/utils/spawn.js:40:14)
322 verbose stack     at emitTwo (events.js:106:13)
322 verbose stack     at ChildProcess.emit (events.js:191:7)
322 verbose stack     at maybeClose (internal/child_process.js:885:16)
322 verbose stack     at Process.ChildProcess._handle.onexit (internal/child_process.js:226:5)
323 verbose pkgid canvas@1.1.3
324 verbose cwd /Users/josephphillips/Sites/mac-setup
325 error Darwin 16.3.0
326 error argv "/usr/local/Cellar/node/7.3.0/bin/node" "/usr/local/bin/npm" "install"
327 error node v7.3.0
328 error npm  v3.10.10
329 error code ELIFECYCLE
330 error canvas@1.1.3 install: `node-gyp rebuild`
330 error Exit status 1
331 error Failed at the canvas@1.1.3 install script 'node-gyp rebuild'.
331 error Make sure you have the latest version of node.js and npm installed.
331 error If you do, this is most likely a problem with the canvas package,
331 error not with npm itself.
331 error Tell the author that this fails on your system:
331 error     node-gyp rebuild
331 error You can get information on how to open an issue for this project with:
331 error     npm bugs canvas
331 error Or if that isn't available, you can get their info via:
331 error     npm owner ls canvas
331 error There is likely additional logging output above.
332 verbose exit [ 1, true ]
